[0.000][INFO]:      ChromeDriver 23.0.1240.0 /usr/bin/chromedriver
[0.207][FINE]:      Initializing session with capabilities {
   "browserName": "chrome",
   "chrome.detach": true,
   "chromeOptions": {
      "detach": true
   },
   "cssSelectorsEnabled": true,
   "javascriptEnabled": true,
   "nativeEvents": false,
   "platform": "ANY",
   "rotatable": false,
   "takesScreenshot": false,
   "version": ""
}

[0.219][INFO]:      Using named testing interface
[2.166][INFO]:      Connected to Chrome successfully. Version: 23.0.1271.101
[2.320][FINE]:      Command received (/session/a34eafd9482ae4afe367d2648ed0ab83)
[2.320][FINE]:      Command finished (/session/a34eafd9482ae4afe367d2648ed0ab83) with response {
   "sessionId": "a34eafd9482ae4afe367d2648ed0ab83",
   "status": 0,
   "value": {
      "acceptSslCerts": false,
      "applicationCacheEnabled": false,
      "browserConnectionEnabled": false,
      "browserName": "chrome",
      "chrome.chromedriverVersion": "23.0.1240.0",
      "chrome.nativeEvents": false,
      "cssSelectorsEnabled": true,
      "databaseEnabled": false,
      "handlesAlerts": true,
      "javascriptEnabled": true,
      "locationContextEnabled": false,
      "nativeEvents": true,
      "platform": "mac",
      "rotatable": false,
      "takesScreenshot": true,
      "version": "23.0.1271.101",
      "webStorageEnabled": true
   }
}

[2.323][FINE]:      Command received (/session/a34eafd9482ae4afe367d2648ed0ab83/url) with params {
   "url": "http://127.0.0.1:/"
}

[2.323][FINER]:     Waiting for all views to stop loading...
[2.325][FINER]:     Done waiting for all views to stop loading
[2.755][FINER]:     Waiting for all views to stop loading...
[2.755][FINER]:     Done waiting for all views to stop loading
[2.755][FINE]:      Command finished (/session/a34eafd9482ae4afe367d2648ed0ab83/url) with response {
   "sessionId": "a34eafd9482ae4afe367d2648ed0ab83",
   "status": 0,
   "value": {

   }
}

[5.758][FINE]:      Command received (/session/a34eafd9482ae4afe367d2648ed0ab83)
[5.868][INFO]:      Chrome shutdown
